Total number of blocks/grid 24
Total number of threads/block 27
Total number of threads 648
-------------------------
Id: 297
Block: (1 2 1)
Thread: (0 0 0)
-------------------------
-------------------------
Id: 298
Block: (1 2 1)
Thread: (1 0 0)
-------------------------
-------------------------
Id: 299
Block: (1 2 1)
Thread: (2 0 0)
-------------------------
-------------------------
Id: 300
Block: (1 2 1)
Thread: (0 1 0)
-------------------------
-------------------------
Id: 301
Block: (1 2 1)
Thread: (1 1 0)
-------------------------
-------------------------
Id: 302
Block: (1 2 1)
Thread: (2 1 0)
-------------------------
-------------------------
Id: 303
Block: (1 2 1)
Thread: (0 2 0)
-------------------------
-------------------------
Id: 304
Block: (1 2 1)
Thread: (1 2 0)
-------------------------
-------------------------
Id: 305
Block: (1 2 1)
Thread: (2 2 0)
-------------------------
-------------------------
Id: 306
Block: (1 2 1)
Thread: (0 0 1)
-------------------------
-------------------------
Id: 307
Block: (1 2 1)
Thread: (1 0 1)
-------------------------
-------------------------
Id: 308
Block: (1 2 1)
Thread: (2 0 1)
-------------------------
-------------------------
Id: 309
Block: (1 2 1)
Thread: (0 1 1)
-------------------------
-------------------------
Id: 310
Block: (1 2 1)
Thread: (1 1 1)
-------------------------
-------------------------
Id: 311
Block: (1 2 1)
Thread: (2 1 1)
-------------------------
-------------------------
Id: 312
Block: (1 2 1)
Thread: (0 2 1)
-------------------------
-------------------------
Id: 313
Block: (1 2 1)
Thread: (1 2 1)
-------------------------
-------------------------
Id: 314
Block: (1 2 1)
Thread: (2 2 1)
-------------------------
-------------------------
Id: 315
Block: (1 2 1)
Thread: (0 0 2)
-------------------------
-------------------------
Id: 316
Block: (1 2 1)
Thread: (1 0 2)
-------------------------
-------------------------
Id: 317
Block: (1 2 1)
Thread: (2 0 2)
-------------------------
-------------------------
Id: 318
Block: (1 2 1)
Thread: (0 1 2)
-------------------------
-------------------------
Id: 319
Block: (1 2 1)
Thread: (1 1 2)
-------------------------
-------------------------
Id: 320
Block: (1 2 1)
Thread: (2 1 2)
-------------------------
-------------------------
Id: 321
Block: (1 2 1)
Thread: (0 2 2)
-------------------------
-------------------------
Id: 322
Block: (1 2 1)
Thread: (1 2 2)
-------------------------
-------------------------
Id: 323
Block: (1 2 1)
Thread: (2 2 2)
-------------------------
-------------------------
Id: 270
Block: (0 2 1)
Thread: (0 0 0)
-------------------------
-------------------------
Id: 271
Block: (0 2 1)
Thread: (1 0 0)
-------------------------
-------------------------
Id: 272
Block: (0 2 1)
Thread: (2 0 0)
-------------------------
-------------------------
Id: 273
Block: (0 2 1)
Thread: (0 1 0)
-------------------------
-------------------------
Id: 274
Block: (0 2 1)
Thread: (1 1 0)
-------------------------
-------------------------
Id: 275
Block: (0 2 1)
Thread: (2 1 0)
-------------------------
-------------------------
Id: 276
Block: (0 2 1)
Thread: (0 2 0)
-------------------------
-------------------------
Id: 277
Block: (0 2 1)
Thread: (1 2 0)
-------------------------
-------------------------
Id: 278
Block: (0 2 1)
Thread: (2 2 0)
-------------------------
-------------------------
Id: 279
Block: (0 2 1)
Thread: (0 0 1)
-------------------------
-------------------------
Id: 280
Block: (0 2 1)
Thread: (1 0 1)
-------------------------
-------------------------
Id: 281
Block: (0 2 1)
Thread: (2 0 1)
-------------------------
-------------------------
Id: 282
Block: (0 2 1)
Thread: (0 1 1)
-------------------------
-------------------------
Id: 283
Block: (0 2 1)
Thread: (1 1 1)
-------------------------
-------------------------
Id: 284
Block: (0 2 1)
Thread: (2 1 1)
-------------------------
-------------------------
Id: 285
Block: (0 2 1)
Thread: (0 2 1)
-------------------------
-------------------------
Id: 286
Block: (0 2 1)
Thread: (1 2 1)
-------------------------
-------------------------
Id: 287
Block: (0 2 1)
Thread: (2 2 1)
-------------------------
-------------------------
Id: 288
Block: (0 2 1)
Thread: (0 0 2)
-------------------------
-------------------------
Id: 289
Block: (0 2 1)
Thread: (1 0 2)
-------------------------
-------------------------
Id: 290
Block: (0 2 1)
Thread: (2 0 2)
-------------------------
-------------------------
Id: 291
Block: (0 2 1)
Thread: (0 1 2)
-------------------------
-------------------------
Id: 292
Block: (0 2 1)
Thread: (1 1 2)
-------------------------
-------------------------
Id: 293
Block: (0 2 1)
Thread: (2 1 2)
-------------------------
-------------------------
Id: 294
Block: (0 2 1)
Thread: (0 2 2)
-------------------------
-------------------------
Id: 295
Block: (0 2 1)
Thread: (1 2 2)
-------------------------
-------------------------
Id: 296
Block: (0 2 1)
Thread: (2 2 2)
-------------------------
-------------------------
Id: 378
Block: (0 1 2)
Thread: (0 0 0)
-------------------------
-------------------------
Id: 379
Block: (0 1 2)
Thread: (1 0 0)
-------------------------
-------------------------
Id: 380
Block: (0 1 2)
Thread: (2 0 0)
-------------------------
-------------------------
Id: 381
Block: (0 1 2)
Thread: (0 1 0)
-------------------------
-------------------------
Id: 382
Block: (0 1 2)
Thread: (1 1 0)
-------------------------
-------------------------
Id: 383
Block: (0 1 2)
Thread: (2 1 0)
-------------------------
-------------------------
Id: 384
Block: (0 1 2)
Thread: (0 2 0)
-------------------------
-------------------------
Id: 385
Block: (0 1 2)
Thread: (1 2 0)
-------------------------
-------------------------
Id: 386
Block: (0 1 2)
Thread: (2 2 0)
-------------------------
-------------------------
Id: 387
Block: (0 1 2)
Thread: (0 0 1)
-------------------------
-------------------------
Id: 388
Block: (0 1 2)
Thread: (1 0 1)
-------------------------
-------------------------
Id: 389
Block: (0 1 2)
Thread: (2 0 1)
-------------------------
-------------------------
Id: 390
Block: (0 1 2)
Thread: (0 1 1)
-------------------------
-------------------------
Id: 391
Block: (0 1 2)
Thread: (1 1 1)
-------------------------
-------------------------
Id: 392
Block: (0 1 2)
Thread: (2 1 1)
-------------------------
-------------------------
Id: 393
Block: (0 1 2)
Thread: (0 2 1)
-------------------------
-------------------------
Id: 394
Block: (0 1 2)
Thread: (1 2 1)
-------------------------
-------------------------
Id: 395
Block: (0 1 2)
Thread: (2 2 1)
-------------------------
-------------------------
Id: 396
Block: (0 1 2)
Thread: (0 0 2)
-------------------------
-------------------------
Id: 397
Block: (0 1 2)
Thread: (1 0 2)
-------------------------
-------------------------
Id: 398
Block: (0 1 2)
Thread: (2 0 2)
-------------------------
-------------------------
Id: 399
Block: (0 1 2)
Thread: (0 1 2)
-------------------------
-------------------------
Id: 400
Block: (0 1 2)
Thread: (1 1 2)
-------------------------
-------------------------
Id: 401
Block: (0 1 2)
Thread: (2 1 2)
-------------------------
-------------------------
Id: 402
Block: (0 1 2)
Thread: (0 2 2)
-------------------------
-------------------------
Id: 403
Block: (0 1 2)
Thread: (1 2 2)
-------------------------
-------------------------
Id: 404
Block: (0 1 2)
Thread: (2 2 2)
-------------------------
-------------------------
Id: 351
Block: (1 0 2)
Thread: (0 0 0)
-------------------------
-------------------------
Id: 352
Block: (1 0 2)
Thread: (1 0 0)
-------------------------
-------------------------
Id: 353
Block: (1 0 2)
Thread: (2 0 0)
-------------------------
-------------------------
Id: 354
Block: (1 0 2)
Thread: (0 1 0)
-------------------------
-------------------------
Id: 355
Block: (1 0 2)
Thread: (1 1 0)
-------------------------
-------------------------
Id: 356
Block: (1 0 2)
Thread: (2 1 0)
-------------------------
-------------------------
Id: 357
Block: (1 0 2)
Thread: (0 2 0)
-------------------------
-------------------------
Id: 358
Block: (1 0 2)
Thread: (1 2 0)
-------------------------
-------------------------
Id: 359
Block: (1 0 2)
Thread: (2 2 0)
-------------------------
-------------------------
Id: 360
Block: (1 0 2)
Thread: (0 0 1)
-------------------------
-------------------------
Id: 361
Block: (1 0 2)
Thread: (1 0 1)
-------------------------
-------------------------
Id: 362
Block: (1 0 2)
Thread: (2 0 1)
-------------------------
-------------------------
Id: 363
Block: (1 0 2)
Thread: (0 1 1)
-------------------------
-------------------------
Id: 364
Block: (1 0 2)
Thread: (1 1 1)
-------------------------
-------------------------
Id: 365
Block: (1 0 2)
Thread: (2 1 1)
-------------------------
-------------------------
Id: 366
Block: (1 0 2)
Thread: (0 2 1)
-------------------------
-------------------------
Id: 367
Block: (1 0 2)
Thread: (1 2 1)
-------------------------
-------------------------
Id: 368
Block: (1 0 2)
Thread: (2 2 1)
-------------------------
-------------------------
Id: 369
Block: (1 0 2)
Thread: (0 0 2)
-------------------------
-------------------------
Id: 370
Block: (1 0 2)
Thread: (1 0 2)
-------------------------
-------------------------
Id: 371
Block: (1 0 2)
Thread: (2 0 2)
-------------------------
-------------------------
Id: 372
Block: (1 0 2)
Thread: (0 1 2)
-------------------------
-------------------------
Id: 373
Block: (1 0 2)
Thread: (1 1 2)
-------------------------
-------------------------
Id: 374
Block: (1 0 2)
Thread: (2 1 2)
-------------------------
-------------------------
Id: 375
Block: (1 0 2)
Thread: (0 2 2)
-------------------------
-------------------------
Id: 376
Block: (1 0 2)
Thread: (1 2 2)
-------------------------
-------------------------
Id: 377
Block: (1 0 2)
Thread: (2 2 2)
-------------------------
-------------------------
Id: 459
Block: (1 2 2)
Thread: (0 0 0)
-------------------------
-------------------------
Id: 460
Block: (1 2 2)
Thread: (1 0 0)
-------------------------
-------------------------
Id: 461
Block: (1 2 2)
Thread: (2 0 0)
-------------------------
-------------------------
Id: 462
Block: (1 2 2)
Thread: (0 1 0)
-------------------------
-------------------------
Id: 463
Block: (1 2 2)
Thread: (1 1 0)
-------------------------
-------------------------
Id: 464
Block: (1 2 2)
Thread: (2 1 0)
-------------------------
-------------------------
Id: 465
Block: (1 2 2)
Thread: (0 2 0)
-------------------------
-------------------------
Id: 466
Block: (1 2 2)
Thread: (1 2 0)
-------------------------
-------------------------
Id: 467
Block: (1 2 2)
Thread: (2 2 0)
-------------------------
-------------------------
Id: 468
Block: (1 2 2)
Thread: (0 0 1)
-------------------------
-------------------------
Id: 469
Block: (1 2 2)
Thread: (1 0 1)
-------------------------
-------------------------
Id: 470
Block: (1 2 2)
Thread: (2 0 1)
-------------------------
-------------------------
Id: 471
Block: (1 2 2)
Thread: (0 1 1)
-------------------------
-------------------------
Id: 472
Block: (1 2 2)
Thread: (1 1 1)
-------------------------
-------------------------
Id: 473
Block: (1 2 2)
Thread: (2 1 1)
-------------------------
-------------------------
Id: 474
Block: (1 2 2)
Thread: (0 2 1)
-------------------------
-------------------------
Id: 475
Block: (1 2 2)
Thread: (1 2 1)
-------------------------
-------------------------
Id: 476
Block: (1 2 2)
Thread: (2 2 1)
-------------------------
-------------------------
Id: 477
Block: (1 2 2)
Thread: (0 0 2)
-------------------------
-------------------------
Id: 478
Block: (1 2 2)
Thread: (1 0 2)
-------------------------
-------------------------
Id: 479
Block: (1 2 2)
Thread: (2 0 2)
-------------------------
-------------------------
Id: 480
Block: (1 2 2)
Thread: (0 1 2)
-------------------------
-------------------------
Id: 481
Block: (1 2 2)
Thread: (1 1 2)
-------------------------
-------------------------
Id: 482
Block: (1 2 2)
Thread: (2 1 2)
-------------------------
-------------------------
Id: 483
Block: (1 2 2)
Thread: (0 2 2)
-------------------------
-------------------------
Id: 484
Block: (1 2 2)
Thread: (1 2 2)
-------------------------
-------------------------
Id: 485
Block: (1 2 2)
Thread: (2 2 2)
-------------------------
-------------------------
Id: 27
Block: (1 0 0)
Thread: (0 0 0)
-------------------------
-------------------------
Id: 28
Block: (1 0 0)
Thread: (1 0 0)
-------------------------
-------------------------
Id: 29
Block: (1 0 0)
Thread: (2 0 0)
-------------------------
-------------------------
Id: 30
Block: (1 0 0)
Thread: (0 1 0)
-------------------------
-------------------------
Id: 31
Block: (1 0 0)
Thread: (1 1 0)
-------------------------
-------------------------
Id: 32
Block: (1 0 0)
Thread: (2 1 0)
-------------------------
-------------------------
Id: 33
Block: (1 0 0)
Thread: (0 2 0)
-------------------------
-------------------------
Id: 34
Block: (1 0 0)
Thread: (1 2 0)
-------------------------
-------------------------
Id: 35
Block: (1 0 0)
Thread: (2 2 0)
-------------------------
-------------------------
Id: 36
Block: (1 0 0)
Thread: (0 0 1)
-------------------------
-------------------------
Id: 37
Block: (1 0 0)
Thread: (1 0 1)
-------------------------
-------------------------
Id: 38
Block: (1 0 0)
Thread: (2 0 1)
-------------------------
-------------------------
Id: 39
Block: (1 0 0)
Thread: (0 1 1)
-------------------------
-------------------------
Id: 40
Block: (1 0 0)
Thread: (1 1 1)
-------------------------
-------------------------
Id: 41
Block: (1 0 0)
Thread: (2 1 1)
-------------------------
-------------------------
Id: 42
Block: (1 0 0)
Thread: (0 2 1)
-------------------------
-------------------------
Id: 43
Block: (1 0 0)
Thread: (1 2 1)
-------------------------
-------------------------
Id: 44
Block: (1 0 0)
Thread: (2 2 1)
-------------------------
-------------------------
Id: 45
Block: (1 0 0)
Thread: (0 0 2)
-------------------------
-------------------------
Id: 46
Block: (1 0 0)
Thread: (1 0 2)
-------------------------
-------------------------
Id: 47
Block: (1 0 0)
Thread: (2 0 2)
-------------------------
-------------------------
Id: 48
Block: (1 0 0)
Thread: (0 1 2)
-------------------------
-------------------------
Id: 49
Block: (1 0 0)
Thread: (1 1 2)
-------------------------
-------------------------
Id: 50
Block: (1 0 0)
Thread: (2 1 2)
-------------------------
-------------------------
Id: 51
Block: (1 0 0)
Thread: (0 2 2)
-------------------------
-------------------------
Id: 52
Block: (1 0 0)
Thread: (1 2 2)
-------------------------
-------------------------
Id: 53
Block: (1 0 0)
Thread: (2 2 2)
-------------------------
-------------------------
Id: 54
Block: (0 1 0)
Thread: (0 0 0)
-------------------------
-------------------------
Id: 55
Block: (0 1 0)
Thread: (1 0 0)
-------------------------
-------------------------
Id: 56
Block: (0 1 0)
Thread: (2 0 0)
-------------------------
-------------------------
Id: 57
Block: (0 1 0)
Thread: (0 1 0)
-------------------------
-------------------------
Id: 58
Block: (0 1 0)
Thread: (1 1 0)
-------------------------
-------------------------
Id: 59
Block: (0 1 0)
Thread: (2 1 0)
-------------------------
-------------------------
Id: 60
Block: (0 1 0)
Thread: (0 2 0)
-------------------------
-------------------------
Id: 61
Block: (0 1 0)
Thread: (1 2 0)
-------------------------
-------------------------
Id: 62
Block: (0 1 0)
Thread: (2 2 0)
-------------------------
-------------------------
Id: 63
Block: (0 1 0)
Thread: (0 0 1)
-------------------------
-------------------------
Id: 64
Block: (0 1 0)
Thread: (1 0 1)
-------------------------
-------------------------
Id: 65
Block: (0 1 0)
Thread: (2 0 1)
-------------------------
-------------------------
Id: 66
Block: (0 1 0)
Thread: (0 1 1)
-------------------------
-------------------------
Id: 67
Block: (0 1 0)
Thread: (1 1 1)
-------------------------
-------------------------
Id: 68
Block: (0 1 0)
Thread: (2 1 1)
-------------------------
-------------------------
Id: 69
Block: (0 1 0)
Thread: (0 2 1)
-------------------------
-------------------------
Id: 70
Block: (0 1 0)
Thread: (1 2 1)
-------------------------
-------------------------
Id: 71
Block: (0 1 0)
Thread: (2 2 1)
-------------------------
-------------------------
Id: 72
Block: (0 1 0)
Thread: (0 0 2)
-------------------------
-------------------------
Id: 73
Block: (0 1 0)
Thread: (1 0 2)
-------------------------
-------------------------
Id: 74
Block: (0 1 0)
Thread: (2 0 2)
-------------------------
-------------------------
Id: 75
Block: (0 1 0)
Thread: (0 1 2)
-------------------------
-------------------------
Id: 76
Block: (0 1 0)
Thread: (1 1 2)
-------------------------
-------------------------
Id: 77
Block: (0 1 0)
Thread: (2 1 2)
-------------------------
-------------------------
Id: 78
Block: (0 1 0)
Thread: (0 2 2)
-------------------------
-------------------------
Id: 79
Block: (0 1 0)
Thread: (1 2 2)
-------------------------
-------------------------
Id: 80
Block: (0 1 0)
Thread: (2 2 2)
-------------------------
-------------------------
Id: 432
Block: (0 2 2)
Thread: (0 0 0)
-------------------------
-------------------------
Id: 433
Block: (0 2 2)
Thread: (1 0 0)
-------------------------
-------------------------
Id: 434
Block: (0 2 2)
Thread: (2 0 0)
-------------------------
-------------------------
Id: 435
Block: (0 2 2)
Thread: (0 1 0)
-------------------------
-------------------------
Id: 436
Block: (0 2 2)
Thread: (1 1 0)
-------------------------
-------------------------
Id: 437
Block: (0 2 2)
Thread: (2 1 0)
-------------------------
-------------------------
Id: 438
Block: (0 2 2)
Thread: (0 2 0)
-------------------------
-------------------------
Id: 439
Block: (0 2 2)
Thread: (1 2 0)
-------------------------
-------------------------
Id: 440
Block: (0 2 2)
Thread: (2 2 0)
-------------------------
-------------------------
Id: 441
Block: (0 2 2)
Thread: (0 0 1)
-------------------------
-------------------------
Id: 442
Block: (0 2 2)
Thread: (1 0 1)
-------------------------
-------------------------
Id: 443
Block: (0 2 2)
Thread: (2 0 1)
-------------------------
-------------------------
Id: 444
Block: (0 2 2)
Thread: (0 1 1)
-------------------------
-------------------------
Id: 445
Block: (0 2 2)
Thread: (1 1 1)
-------------------------
-------------------------
Id: 446
Block: (0 2 2)
Thread: (2 1 1)
-------------------------
-------------------------
Id: 447
Block: (0 2 2)
Thread: (0 2 1)
-------------------------
-------------------------
Id: 448
Block: (0 2 2)
Thread: (1 2 1)
-------------------------
-------------------------
Id: 449
Block: (0 2 2)
Thread: (2 2 1)
-------------------------
-------------------------
Id: 450
Block: (0 2 2)
Thread: (0 0 2)
-------------------------
-------------------------
Id: 451
Block: (0 2 2)
Thread: (1 0 2)
-------------------------
-------------------------
Id: 452
Block: (0 2 2)
Thread: (2 0 2)
-------------------------
-------------------------
Id: 453
Block: (0 2 2)
Thread: (0 1 2)
-------------------------
-------------------------
Id: 454
Block: (0 2 2)
Thread: (1 1 2)
-------------------------
-------------------------
Id: 455
Block: (0 2 2)
Thread: (2 1 2)
-------------------------
-------------------------
Id: 456
Block: (0 2 2)
Thread: (0 2 2)
-------------------------
-------------------------
Id: 457
Block: (0 2 2)
Thread: (1 2 2)
-------------------------
-------------------------
Id: 458
Block: (0 2 2)
Thread: (2 2 2)
-------------------------
-------------------------
Id: 216
Block: (0 1 1)
Thread: (0 0 0)
-------------------------
-------------------------
Id: 217
Block: (0 1 1)
Thread: (1 0 0)
-------------------------
-------------------------
Id: 218
Block: (0 1 1)
Thread: (2 0 0)
-------------------------
-------------------------
Id: 219
Block: (0 1 1)
Thread: (0 1 0)
-------------------------
-------------------------
Id: 220
Block: (0 1 1)
Thread: (1 1 0)
-------------------------
-------------------------
Id: 221
Block: (0 1 1)
Thread: (2 1 0)
-------------------------
-------------------------
Id: 222
Block: (0 1 1)
Thread: (0 2 0)
-------------------------
-------------------------
Id: 223
Block: (0 1 1)
Thread: (1 2 0)
-------------------------
-------------------------
Id: 224
Block: (0 1 1)
Thread: (2 2 0)
-------------------------
-------------------------
Id: 225
Block: (0 1 1)
Thread: (0 0 1)
-------------------------
-------------------------
Id: 226
Block: (0 1 1)
Thread: (1 0 1)
-------------------------
-------------------------
Id: 227
Block: (0 1 1)
Thread: (2 0 1)
-------------------------
-------------------------
Id: 228
Block: (0 1 1)
Thread: (0 1 1)
-------------------------
-------------------------
Id: 229
Block: (0 1 1)
Thread: (1 1 1)
-------------------------
-------------------------
Id: 230
Block: (0 1 1)
Thread: (2 1 1)
-------------------------
-------------------------
Id: 231
Block: (0 1 1)
Thread: (0 2 1)
-------------------------
-------------------------
Id: 232
Block: (0 1 1)
Thread: (1 2 1)
-------------------------
-------------------------
Id: 233
Block: (0 1 1)
Thread: (2 2 1)
-------------------------
-------------------------
Id: 234
Block: (0 1 1)
Thread: (0 0 2)
-------------------------
-------------------------
Id: 235
Block: (0 1 1)
Thread: (1 0 2)
-------------------------
-------------------------
Id: 236
Block: (0 1 1)
Thread: (2 0 2)
-------------------------
-------------------------
Id: 237
Block: (0 1 1)
Thread: (0 1 2)
-------------------------
-------------------------
Id: 238
Block: (0 1 1)
Thread: (1 1 2)
-------------------------
-------------------------
Id: 239
Block: (0 1 1)
Thread: (2 1 2)
-------------------------
-------------------------
Id: 240
Block: (0 1 1)
Thread: (0 2 2)
-------------------------
-------------------------
Id: 241
Block: (0 1 1)
Thread: (1 2 2)
-------------------------
-------------------------
Id: 242
Block: (0 1 1)
Thread: (2 2 2)
-------------------------
-------------------------
Id: 513
Block: (1 0 3)
Thread: (0 0 0)
-------------------------
-------------------------
Id: 514
Block: (1 0 3)
Thread: (1 0 0)
-------------------------
-------------------------
Id: 515
Block: (1 0 3)
Thread: (2 0 0)
-------------------------
-------------------------
Id: 516
Block: (1 0 3)
Thread: (0 1 0)
-------------------------
-------------------------
Id: 517
Block: (1 0 3)
Thread: (1 1 0)
-------------------------
-------------------------
Id: 518
Block: (1 0 3)
Thread: (2 1 0)
-------------------------
-------------------------
Id: 519
Block: (1 0 3)
Thread: (0 2 0)
-------------------------
-------------------------
Id: 520
Block: (1 0 3)
Thread: (1 2 0)
-------------------------
-------------------------
Id: 521
Block: (1 0 3)
Thread: (2 2 0)
-------------------------
-------------------------
Id: 522
Block: (1 0 3)
Thread: (0 0 1)
-------------------------
-------------------------
Id: 523
Block: (1 0 3)
Thread: (1 0 1)
-------------------------
-------------------------
Id: 524
Block: (1 0 3)
Thread: (2 0 1)
-------------------------
-------------------------
Id: 525
Block: (1 0 3)
Thread: (0 1 1)
-------------------------
-------------------------
Id: 526
Block: (1 0 3)
Thread: (1 1 1)
-------------------------
-------------------------
Id: 527
Block: (1 0 3)
Thread: (2 1 1)
-------------------------
-------------------------
Id: 528
Block: (1 0 3)
Thread: (0 2 1)
-------------------------
-------------------------
Id: 529
Block: (1 0 3)
Thread: (1 2 1)
-------------------------
-------------------------
Id: 530
Block: (1 0 3)
Thread: (2 2 1)
-------------------------
-------------------------
Id: 531
Block: (1 0 3)
Thread: (0 0 2)
-------------------------
-------------------------
Id: 532
Block: (1 0 3)
Thread: (1 0 2)
-------------------------
-------------------------
Id: 533
Block: (1 0 3)
Thread: (2 0 2)
-------------------------
-------------------------
Id: 534
Block: (1 0 3)
Thread: (0 1 2)
-------------------------
-------------------------
Id: 535
Block: (1 0 3)
Thread: (1 1 2)
-------------------------
-------------------------
Id: 536
Block: (1 0 3)
Thread: (2 1 2)
-------------------------
-------------------------
Id: 537
Block: (1 0 3)
Thread: (0 2 2)
-------------------------
-------------------------
Id: 538
Block: (1 0 3)
Thread: (1 2 2)
-------------------------
-------------------------
Id: 539
Block: (1 0 3)
Thread: (2 2 2)
-------------------------
-------------------------
Id: 135
Block: (1 2 0)
Thread: (0 0 0)
-------------------------
-------------------------
Id: 136
Block: (1 2 0)
Thread: (1 0 0)
-------------------------
-------------------------
Id: 137
Block: (1 2 0)
Thread: (2 0 0)
-------------------------
-------------------------
Id: 138
Block: (1 2 0)
Thread: (0 1 0)
-------------------------
-------------------------
Id: 139
Block: (1 2 0)
Thread: (1 1 0)
-------------------------
-------------------------
Id: 140
Block: (1 2 0)
Thread: (2 1 0)
-------------------------
-------------------------
Id: 141
Block: (1 2 0)
Thread: (0 2 0)
-------------------------
-------------------------
Id: 142
Block: (1 2 0)
Thread: (1 2 0)
-------------------------
-------------------------
Id: 143
Block: (1 2 0)
Thread: (2 2 0)
-------------------------
-------------------------
Id: 144
Block: (1 2 0)
Thread: (0 0 1)
-------------------------
-------------------------
Id: 145
Block: (1 2 0)
Thread: (1 0 1)
-------------------------
-------------------------
Id: 146
Block: (1 2 0)
Thread: (2 0 1)
-------------------------
-------------------------
Id: 147
Block: (1 2 0)
Thread: (0 1 1)
-------------------------
-------------------------
Id: 148
Block: (1 2 0)
Thread: (1 1 1)
-------------------------
-------------------------
Id: 149
Block: (1 2 0)
Thread: (2 1 1)
-------------------------
-------------------------
Id: 150
Block: (1 2 0)
Thread: (0 2 1)
-------------------------
-------------------------
Id: 151
Block: (1 2 0)
Thread: (1 2 1)
-------------------------
-------------------------
Id: 152
Block: (1 2 0)
Thread: (2 2 1)
-------------------------
-------------------------
Id: 153
Block: (1 2 0)
Thread: (0 0 2)
-------------------------
-------------------------
Id: 154
Block: (1 2 0)
Thread: (1 0 2)
-------------------------
-------------------------
Id: 155
Block: (1 2 0)
Thread: (2 0 2)
-------------------------
-------------------------
Id: 156
Block: (1 2 0)
Thread: (0 1 2)
-------------------------
-------------------------
Id: 157
Block: (1 2 0)
Thread: (1 1 2)
-------------------------
-------------------------
Id: 158
Block: (1 2 0)
Thread: (2 1 2)
-------------------------
-------------------------
Id: 159
Block: (1 2 0)
Thread: (0 2 2)
-------------------------
-------------------------
Id: 160
Block: (1 2 0)
Thread: (1 2 2)
-------------------------
-------------------------
Id: 161
Block: (1 2 0)
Thread: (2 2 2)
-------------------------
-------------------------
Id: 189
Block: (1 0 1)
Thread: (0 0 0)
-------------------------
-------------------------
Id: 190
Block: (1 0 1)
Thread: (1 0 0)
-------------------------
-------------------------
Id: 191
Block: (1 0 1)
Thread: (2 0 0)
-------------------------
-------------------------
Id: 192
Block: (1 0 1)
Thread: (0 1 0)
-------------------------
-------------------------
Id: 193
Block: (1 0 1)
Thread: (1 1 0)
-------------------------
-------------------------
Id: 194
Block: (1 0 1)
Thread: (2 1 0)
-------------------------
-------------------------
Id: 195
Block: (1 0 1)
Thread: (0 2 0)
-------------------------
-------------------------
Id: 196
Block: (1 0 1)
Thread: (1 2 0)
-------------------------
-------------------------
Id: 197
Block: (1 0 1)
Thread: (2 2 0)
-------------------------
-------------------------
Id: 198
Block: (1 0 1)
Thread: (0 0 1)
-------------------------
-------------------------
Id: 199
Block: (1 0 1)
Thread: (1 0 1)
-------------------------
-------------------------
Id: 200
Block: (1 0 1)
Thread: (2 0 1)
-------------------------
-------------------------
Id: 201
Block: (1 0 1)
Thread: (0 1 1)
-------------------------
-------------------------
Id: 202
Block: (1 0 1)
Thread: (1 1 1)
-------------------------
-------------------------
Id: 203
Block: (1 0 1)
Thread: (2 1 1)
-------------------------
-------------------------
Id: 204
Block: (1 0 1)
Thread: (0 2 1)
-------------------------
-------------------------
Id: 205
Block: (1 0 1)
Thread: (1 2 1)
-------------------------
-------------------------
Id: 206
Block: (1 0 1)
Thread: (2 2 1)
-------------------------
-------------------------
Id: 207
Block: (1 0 1)
Thread: (0 0 2)
-------------------------
-------------------------
Id: 208
Block: (1 0 1)
Thread: (1 0 2)
-------------------------
-------------------------
Id: 209
Block: (1 0 1)
Thread: (2 0 2)
-------------------------
-------------------------
Id: 210
Block: (1 0 1)
Thread: (0 1 2)
-------------------------
-------------------------
Id: 211
Block: (1 0 1)
Thread: (1 1 2)
-------------------------
-------------------------
Id: 212
Block: (1 0 1)
Thread: (2 1 2)
-------------------------
-------------------------
Id: 213
Block: (1 0 1)
Thread: (0 2 2)
-------------------------
-------------------------
Id: 214
Block: (1 0 1)
Thread: (1 2 2)
-------------------------
-------------------------
Id: 215
Block: (1 0 1)
Thread: (2 2 2)
-------------------------
-------------------------
Id: 621
Block: (1 2 3)
Thread: (0 0 0)
-------------------------
-------------------------
Id: 622
Block: (1 2 3)
Thread: (1 0 0)
-------------------------
-------------------------
Id: 623
Block: (1 2 3)
Thread: (2 0 0)
-------------------------
-------------------------
Id: 624
Block: (1 2 3)
Thread: (0 1 0)
-------------------------
-------------------------
Id: 625
Block: (1 2 3)
Thread: (1 1 0)
-------------------------
-------------------------
Id: 626
Block: (1 2 3)
Thread: (2 1 0)
-------------------------
-------------------------
Id: 627
Block: (1 2 3)
Thread: (0 2 0)
-------------------------
-------------------------
Id: 628
Block: (1 2 3)
Thread: (1 2 0)
-------------------------
-------------------------
Id: 629
Block: (1 2 3)
Thread: (2 2 0)
-------------------------
-------------------------
Id: 630
Block: (1 2 3)
Thread: (0 0 1)
-------------------------
-------------------------
Id: 631
Block: (1 2 3)
Thread: (1 0 1)
-------------------------
-------------------------
Id: 632
Block: (1 2 3)
Thread: (2 0 1)
-------------------------
-------------------------
Id: 633
Block: (1 2 3)
Thread: (0 1 1)
-------------------------
-------------------------
Id: 634
Block: (1 2 3)
Thread: (1 1 1)
-------------------------
-------------------------
Id: 635
Block: (1 2 3)
Thread: (2 1 1)
-------------------------
-------------------------
Id: 636
Block: (1 2 3)
Thread: (0 2 1)
-------------------------
-------------------------
Id: 637
Block: (1 2 3)
Thread: (1 2 1)
-------------------------
-------------------------
Id: 638
Block: (1 2 3)
Thread: (2 2 1)
-------------------------
-------------------------
Id: 639
Block: (1 2 3)
Thread: (0 0 2)
-------------------------
-------------------------
Id: 640
Block: (1 2 3)
Thread: (1 0 2)
-------------------------
-------------------------
Id: 641
Block: (1 2 3)
Thread: (2 0 2)
-------------------------
-------------------------
Id: 642
Block: (1 2 3)
Thread: (0 1 2)
-------------------------
-------------------------
Id: 643
Block: (1 2 3)
Thread: (1 1 2)
-------------------------
-------------------------
Id: 644
Block: (1 2 3)
Thread: (2 1 2)
-------------------------
-------------------------
Id: 645
Block: (1 2 3)
Thread: (0 2 2)
-------------------------
-------------------------
Id: 646
Block: (1 2 3)
Thread: (1 2 2)
-------------------------
-------------------------
Id: 647
Block: (1 2 3)
Thread: (2 2 2)
-------------------------
-------------------------
Id: 108
Block: (0 2 0)
Thread: (0 0 0)
-------------------------
-------------------------
Id: 109
Block: (0 2 0)
Thread: (1 0 0)
-------------------------
-------------------------
Id: 110
Block: (0 2 0)
Thread: (2 0 0)
-------------------------
-------------------------
Id: 111
Block: (0 2 0)
Thread: (0 1 0)
-------------------------
-------------------------
Id: 112
Block: (0 2 0)
Thread: (1 1 0)
-------------------------
-------------------------
Id: 113
Block: (0 2 0)
Thread: (2 1 0)
-------------------------
-------------------------
Id: 114
Block: (0 2 0)
Thread: (0 2 0)
-------------------------
-------------------------
Id: 115
Block: (0 2 0)
Thread: (1 2 0)
-------------------------
-------------------------
Id: 116
Block: (0 2 0)
Thread: (2 2 0)
-------------------------
-------------------------
Id: 117
Block: (0 2 0)
Thread: (0 0 1)
-------------------------
-------------------------
Id: 118
Block: (0 2 0)
Thread: (1 0 1)
-------------------------
-------------------------
Id: 119
Block: (0 2 0)
Thread: (2 0 1)
-------------------------
-------------------------
Id: 120
Block: (0 2 0)
Thread: (0 1 1)
-------------------------
-------------------------
Id: 121
Block: (0 2 0)
Thread: (1 1 1)
-------------------------
-------------------------
Id: 122
Block: (0 2 0)
Thread: (2 1 1)
-------------------------
-------------------------
Id: 123
Block: (0 2 0)
Thread: (0 2 1)
-------------------------
-------------------------
Id: 124
Block: (0 2 0)
Thread: (1 2 1)
-------------------------
-------------------------
Id: 125
Block: (0 2 0)
Thread: (2 2 1)
-------------------------
-------------------------
Id: 126
Block: (0 2 0)
Thread: (0 0 2)
-------------------------
-------------------------
Id: 127
Block: (0 2 0)
Thread: (1 0 2)
-------------------------
-------------------------
Id: 128
Block: (0 2 0)
Thread: (2 0 2)
-------------------------
-------------------------
Id: 129
Block: (0 2 0)
Thread: (0 1 2)
-------------------------
-------------------------
Id: 130
Block: (0 2 0)
Thread: (1 1 2)
-------------------------
-------------------------
Id: 131
Block: (0 2 0)
Thread: (2 1 2)
-------------------------
-------------------------
Id: 132
Block: (0 2 0)
Thread: (0 2 2)
-------------------------
-------------------------
Id: 133
Block: (0 2 0)
Thread: (1 2 2)
-------------------------
-------------------------
Id: 134
Block: (0 2 0)
Thread: (2 2 2)
-------------------------
-------------------------
Id: 540
Block: (0 1 3)
Thread: (0 0 0)
-------------------------
-------------------------
Id: 541
Block: (0 1 3)
Thread: (1 0 0)
-------------------------
-------------------------
Id: 542
Block: (0 1 3)
Thread: (2 0 0)
-------------------------
-------------------------
Id: 543
Block: (0 1 3)
Thread: (0 1 0)
-------------------------
-------------------------
Id: 544
Block: (0 1 3)
Thread: (1 1 0)
-------------------------
-------------------------
Id: 545
Block: (0 1 3)
Thread: (2 1 0)
-------------------------
-------------------------
Id: 546
Block: (0 1 3)
Thread: (0 2 0)
-------------------------
-------------------------
Id: 547
Block: (0 1 3)
Thread: (1 2 0)
-------------------------
-------------------------
Id: 548
Block: (0 1 3)
Thread: (2 2 0)
-------------------------
-------------------------
Id: 549
Block: (0 1 3)
Thread: (0 0 1)
-------------------------
-------------------------
Id: 550
Block: (0 1 3)
Thread: (1 0 1)
-------------------------
-------------------------
Id: 551
Block: (0 1 3)
Thread: (2 0 1)
-------------------------
-------------------------
Id: 552
Block: (0 1 3)
Thread: (0 1 1)
-------------------------
-------------------------
Id: 553
Block: (0 1 3)
Thread: (1 1 1)
-------------------------
-------------------------
Id: 554
Block: (0 1 3)
Thread: (2 1 1)
-------------------------
-------------------------
Id: 555
Block: (0 1 3)
Thread: (0 2 1)
-------------------------
-------------------------
Id: 556
Block: (0 1 3)
Thread: (1 2 1)
-------------------------
-------------------------
Id: 557
Block: (0 1 3)
Thread: (2 2 1)
-------------------------
-------------------------
Id: 558
Block: (0 1 3)
Thread: (0 0 2)
-------------------------
-------------------------
Id: 559
Block: (0 1 3)
Thread: (1 0 2)
-------------------------
-------------------------
Id: 560
Block: (0 1 3)
Thread: (2 0 2)
-------------------------
-------------------------
Id: 561
Block: (0 1 3)
Thread: (0 1 2)
-------------------------
-------------------------
Id: 562
Block: (0 1 3)
Thread: (1 1 2)
-------------------------
-------------------------
Id: 563
Block: (0 1 3)
Thread: (2 1 2)
-------------------------
-------------------------
Id: 564
Block: (0 1 3)
Thread: (0 2 2)
-------------------------
-------------------------
Id: 565
Block: (0 1 3)
Thread: (1 2 2)
-------------------------
-------------------------
Id: 566
Block: (0 1 3)
Thread: (2 2 2)
-------------------------
-------------------------
Id: 594
Block: (0 2 3)
Thread: (0 0 0)
-------------------------
-------------------------
Id: 595
Block: (0 2 3)
Thread: (1 0 0)
-------------------------
-------------------------
Id: 596
Block: (0 2 3)
Thread: (2 0 0)
-------------------------
-------------------------
Id: 597
Block: (0 2 3)
Thread: (0 1 0)
-------------------------
-------------------------
Id: 598
Block: (0 2 3)
Thread: (1 1 0)
-------------------------
-------------------------
Id: 599
Block: (0 2 3)
Thread: (2 1 0)
-------------------------
-------------------------
Id: 600
Block: (0 2 3)
Thread: (0 2 0)
-------------------------
-------------------------
Id: 601
Block: (0 2 3)
Thread: (1 2 0)
-------------------------
-------------------------
Id: 602
Block: (0 2 3)
Thread: (2 2 0)
-------------------------
-------------------------
Id: 603
Block: (0 2 3)
Thread: (0 0 1)
-------------------------
-------------------------
Id: 604
Block: (0 2 3)
Thread: (1 0 1)
-------------------------
-------------------------
Id: 605
Block: (0 2 3)
Thread: (2 0 1)
-------------------------
-------------------------
Id: 606
Block: (0 2 3)
Thread: (0 1 1)
-------------------------
-------------------------
Id: 607
Block: (0 2 3)
Thread: (1 1 1)
-------------------------
-------------------------
Id: 608
Block: (0 2 3)
Thread: (2 1 1)
-------------------------
-------------------------
Id: 609
Block: (0 2 3)
Thread: (0 2 1)
-------------------------
-------------------------
Id: 610
Block: (0 2 3)
Thread: (1 2 1)
-------------------------
-------------------------
Id: 611
Block: (0 2 3)
Thread: (2 2 1)
-------------------------
-------------------------
Id: 612
Block: (0 2 3)
Thread: (0 0 2)
-------------------------
-------------------------
Id: 613
Block: (0 2 3)
Thread: (1 0 2)
-------------------------
-------------------------
Id: 614
Block: (0 2 3)
Thread: (2 0 2)
-------------------------
-------------------------
Id: 615
Block: (0 2 3)
Thread: (0 1 2)
-------------------------
-------------------------
Id: 616
Block: (0 2 3)
Thread: (1 1 2)
-------------------------
-------------------------
Id: 617
Block: (0 2 3)
Thread: (2 1 2)
-------------------------
-------------------------
Id: 618
Block: (0 2 3)
Thread: (0 2 2)
-------------------------
-------------------------
Id: 619
Block: (0 2 3)
Thread: (1 2 2)
-------------------------
-------------------------
Id: 620
Block: (0 2 3)
Thread: (2 2 2)
-------------------------
-------------------------
Id: 243
Block: (1 1 1)
Thread: (0 0 0)
-------------------------
-------------------------
Id: 244
Block: (1 1 1)
Thread: (1 0 0)
-------------------------
-------------------------
Id: 245
Block: (1 1 1)
Thread: (2 0 0)
-------------------------
-------------------------
Id: 246
Block: (1 1 1)
Thread: (0 1 0)
-------------------------
-------------------------
Id: 247
Block: (1 1 1)
Thread: (1 1 0)
-------------------------
-------------------------
Id: 248
Block: (1 1 1)
Thread: (2 1 0)
-------------------------
-------------------------
Id: 249
Block: (1 1 1)
Thread: (0 2 0)
-------------------------
-------------------------
Id: 250
Block: (1 1 1)
Thread: (1 2 0)
-------------------------
-------------------------
Id: 251
Block: (1 1 1)
Thread: (2 2 0)
-------------------------
-------------------------
Id: 252
Block: (1 1 1)
Thread: (0 0 1)
-------------------------
-------------------------
Id: 253
Block: (1 1 1)
Thread: (1 0 1)
-------------------------
-------------------------
Id: 254
Block: (1 1 1)
Thread: (2 0 1)
-------------------------
-------------------------
Id: 255
Block: (1 1 1)
Thread: (0 1 1)
-------------------------
-------------------------
Id: 256
Block: (1 1 1)
Thread: (1 1 1)
-------------------------
-------------------------
Id: 257
Block: (1 1 1)
Thread: (2 1 1)
-------------------------
-------------------------
Id: 258
Block: (1 1 1)
Thread: (0 2 1)
-------------------------
-------------------------
Id: 259
Block: (1 1 1)
Thread: (1 2 1)
-------------------------
-------------------------
Id: 260
Block: (1 1 1)
Thread: (2 2 1)
-------------------------
-------------------------
Id: 261
Block: (1 1 1)
Thread: (0 0 2)
-------------------------
-------------------------
Id: 262
Block: (1 1 1)
Thread: (1 0 2)
-------------------------
-------------------------
Id: 263
Block: (1 1 1)
Thread: (2 0 2)
-------------------------
-------------------------
Id: 264
Block: (1 1 1)
Thread: (0 1 2)
-------------------------
-------------------------
Id: 265
Block: (1 1 1)
Thread: (1 1 2)
-------------------------
-------------------------
Id: 266
Block: (1 1 1)
Thread: (2 1 2)
-------------------------
-------------------------
Id: 267
Block: (1 1 1)
Thread: (0 2 2)
-------------------------
-------------------------
Id: 268
Block: (1 1 1)
Thread: (1 2 2)
-------------------------
-------------------------
Id: 269
Block: (1 1 1)
Thread: (2 2 2)
-------------------------
-------------------------
Id: 324
Block: (0 0 2)
Thread: (0 0 0)
-------------------------
-------------------------
Id: 325
Block: (0 0 2)
Thread: (1 0 0)
-------------------------
-------------------------
Id: 326
Block: (0 0 2)
Thread: (2 0 0)
-------------------------
-------------------------
Id: 327
Block: (0 0 2)
Thread: (0 1 0)
-------------------------
-------------------------
Id: 328
Block: (0 0 2)
Thread: (1 1 0)
-------------------------
-------------------------
Id: 329
Block: (0 0 2)
Thread: (2 1 0)
-------------------------
-------------------------
Id: 330
Block: (0 0 2)
Thread: (0 2 0)
-------------------------
-------------------------
Id: 331
Block: (0 0 2)
Thread: (1 2 0)
-------------------------
-------------------------
Id: 332
Block: (0 0 2)
Thread: (2 2 0)
-------------------------
-------------------------
Id: 333
Block: (0 0 2)
Thread: (0 0 1)
-------------------------
-------------------------
Id: 334
Block: (0 0 2)
Thread: (1 0 1)
-------------------------
-------------------------
Id: 335
Block: (0 0 2)
Thread: (2 0 1)
-------------------------
-------------------------
Id: 336
Block: (0 0 2)
Thread: (0 1 1)
-------------------------
-------------------------
Id: 337
Block: (0 0 2)
Thread: (1 1 1)
-------------------------
-------------------------
Id: 338
Block: (0 0 2)
Thread: (2 1 1)
-------------------------
-------------------------
Id: 339
Block: (0 0 2)
Thread: (0 2 1)
-------------------------
-------------------------
Id: 340
Block: (0 0 2)
Thread: (1 2 1)
-------------------------
-------------------------
Id: 341
Block: (0 0 2)
Thread: (2 2 1)
-------------------------
-------------------------
Id: 342
Block: (0 0 2)
Thread: (0 0 2)
-------------------------
-------------------------
Id: 343
Block: (0 0 2)
Thread: (1 0 2)
-------------------------
-------------------------
Id: 344
Block: (0 0 2)
Thread: (2 0 2)
-------------------------
-------------------------
Id: 345
Block: (0 0 2)
Thread: (0 1 2)
-------------------------
-------------------------
Id: 346
Block: (0 0 2)
Thread: (1 1 2)
-------------------------
-------------------------
Id: 347
Block: (0 0 2)
Thread: (2 1 2)
-------------------------
-------------------------
Id: 348
Block: (0 0 2)
Thread: (0 2 2)
-------------------------
-------------------------
Id: 349
Block: (0 0 2)
Thread: (1 2 2)
-------------------------
-------------------------
Id: 350
Block: (0 0 2)
Thread: (2 2 2)
-------------------------
-------------------------
Id: 0
Block: (0 0 0)
Thread: (0 0 0)
-------------------------
-------------------------
Id: 1
Block: (0 0 0)
Thread: (1 0 0)
-------------------------
-------------------------
Id: 2
Block: (0 0 0)
Thread: (2 0 0)
-------------------------
-------------------------
Id: 3
Block: (0 0 0)
Thread: (0 1 0)
-------------------------
-------------------------
Id: 4
Block: (0 0 0)
Thread: (1 1 0)
-------------------------
-------------------------
Id: 5
Block: (0 0 0)
Thread: (2 1 0)
-------------------------
-------------------------
Id: 6
Block: (0 0 0)
Thread: (0 2 0)
-------------------------
-------------------------
Id: 7
Block: (0 0 0)
Thread: (1 2 0)
-------------------------
-------------------------
Id: 8
Block: (0 0 0)
Thread: (2 2 0)
-------------------------
-------------------------
Id: 9
Block: (0 0 0)
Thread: (0 0 1)
-------------------------
-------------------------
Id: 10
Block: (0 0 0)
Thread: (1 0 1)
-------------------------
-------------------------
Id: 11
Block: (0 0 0)
Thread: (2 0 1)
-------------------------
-------------------------
Id: 12
Block: (0 0 0)
Thread: (0 1 1)
-------------------------
-------------------------
Id: 13
Block: (0 0 0)
Thread: (1 1 1)
-------------------------
-------------------------
Id: 14
Block: (0 0 0)
Thread: (2 1 1)
-------------------------
-------------------------
Id: 15
Block: (0 0 0)
Thread: (0 2 1)
-------------------------
-------------------------
Id: 16
Block: (0 0 0)
Thread: (1 2 1)
-------------------------
-------------------------
Id: 17
Block: (0 0 0)
Thread: (2 2 1)
-------------------------
-------------------------
Id: 18
Block: (0 0 0)
Thread: (0 0 2)
-------------------------
-------------------------
Id: 19
Block: (0 0 0)
Thread: (1 0 2)
-------------------------
-------------------------
Id: 20
Block: (0 0 0)
Thread: (2 0 2)
-------------------------
-------------------------
Id: 21
Block: (0 0 0)
Thread: (0 1 2)
-------------------------
-------------------------
Id: 22
Block: (0 0 0)
Thread: (1 1 2)
-------------------------
-------------------------
Id: 23
Block: (0 0 0)
Thread: (2 1 2)
-------------------------
-------------------------
Id: 24
Block: (0 0 0)
Thread: (0 2 2)
-------------------------
-------------------------
Id: 25
Block: (0 0 0)
Thread: (1 2 2)
-------------------------
-------------------------
Id: 26
Block: (0 0 0)
Thread: (2 2 2)
-------------------------
-------------------------
Id: 405
Block: (1 1 2)
Thread: (0 0 0)
-------------------------
-------------------------
Id: 406
Block: (1 1 2)
Thread: (1 0 0)
-------------------------
-------------------------
Id: 407
Block: (1 1 2)
Thread: (2 0 0)
-------------------------
-------------------------
Id: 408
Block: (1 1 2)
Thread: (0 1 0)
-------------------------
-------------------------
Id: 409
Block: (1 1 2)
Thread: (1 1 0)
-------------------------
-------------------------
Id: 410
Block: (1 1 2)
Thread: (2 1 0)
-------------------------
-------------------------
Id: 411
Block: (1 1 2)
Thread: (0 2 0)
-------------------------
-------------------------
Id: 412
Block: (1 1 2)
Thread: (1 2 0)
-------------------------
-------------------------
Id: 413
Block: (1 1 2)
Thread: (2 2 0)
-------------------------
-------------------------
Id: 414
Block: (1 1 2)
Thread: (0 0 1)
-------------------------
-------------------------
Id: 415
Block: (1 1 2)
Thread: (1 0 1)
-------------------------
-------------------------
Id: 416
Block: (1 1 2)
Thread: (2 0 1)
-------------------------
-------------------------
Id: 417
Block: (1 1 2)
Thread: (0 1 1)
-------------------------
-------------------------
Id: 418
Block: (1 1 2)
Thread: (1 1 1)
-------------------------
-------------------------
Id: 419
Block: (1 1 2)
Thread: (2 1 1)
-------------------------
-------------------------
Id: 420
Block: (1 1 2)
Thread: (0 2 1)
-------------------------
-------------------------
Id: 421
Block: (1 1 2)
Thread: (1 2 1)
-------------------------
-------------------------
Id: 422
Block: (1 1 2)
Thread: (2 2 1)
-------------------------
-------------------------
Id: 423
Block: (1 1 2)
Thread: (0 0 2)
-------------------------
-------------------------
Id: 424
Block: (1 1 2)
Thread: (1 0 2)
-------------------------
-------------------------
Id: 425
Block: (1 1 2)
Thread: (2 0 2)
-------------------------
-------------------------
Id: 426
Block: (1 1 2)
Thread: (0 1 2)
-------------------------
-------------------------
Id: 427
Block: (1 1 2)
Thread: (1 1 2)
-------------------------
-------------------------
Id: 428
Block: (1 1 2)
Thread: (2 1 2)
-------------------------
-------------------------
Id: 429
Block: (1 1 2)
Thread: (0 2 2)
-------------------------
-------------------------
Id: 430
Block: (1 1 2)
Thread: (1 2 2)
-------------------------
-------------------------
Id: 431
Block: (1 1 2)
Thread: (2 2 2)
-------------------------
-------------------------
Id: 486
Block: (0 0 3)
Thread: (0 0 0)
-------------------------
-------------------------
Id: 487
Block: (0 0 3)
Thread: (1 0 0)
-------------------------
-------------------------
Id: 488
Block: (0 0 3)
Thread: (2 0 0)
-------------------------
-------------------------
Id: 489
Block: (0 0 3)
Thread: (0 1 0)
-------------------------
-------------------------
Id: 490
Block: (0 0 3)
Thread: (1 1 0)
-------------------------
-------------------------
Id: 491
Block: (0 0 3)
Thread: (2 1 0)
-------------------------
-------------------------
Id: 492
Block: (0 0 3)
Thread: (0 2 0)
-------------------------
-------------------------
Id: 493
Block: (0 0 3)
Thread: (1 2 0)
-------------------------
-------------------------
Id: 494
Block: (0 0 3)
Thread: (2 2 0)
-------------------------
-------------------------
Id: 495
Block: (0 0 3)
Thread: (0 0 1)
-------------------------
-------------------------
Id: 496
Block: (0 0 3)
Thread: (1 0 1)
-------------------------
-------------------------
Id: 497
Block: (0 0 3)
Thread: (2 0 1)
-------------------------
-------------------------
Id: 498
Block: (0 0 3)
Thread: (0 1 1)
-------------------------
-------------------------
Id: 499
Block: (0 0 3)
Thread: (1 1 1)
-------------------------
-------------------------
Id: 500
Block: (0 0 3)
Thread: (2 1 1)
-------------------------
-------------------------
Id: 501
Block: (0 0 3)
Thread: (0 2 1)
-------------------------
-------------------------
Id: 502
Block: (0 0 3)
Thread: (1 2 1)
-------------------------
-------------------------
Id: 503
Block: (0 0 3)
Thread: (2 2 1)
-------------------------
-------------------------
Id: 504
Block: (0 0 3)
Thread: (0 0 2)
-------------------------
-------------------------
Id: 505
Block: (0 0 3)
Thread: (1 0 2)
-------------------------
-------------------------
Id: 506
Block: (0 0 3)
Thread: (2 0 2)
-------------------------
-------------------------
Id: 507
Block: (0 0 3)
Thread: (0 1 2)
-------------------------
-------------------------
Id: 508
Block: (0 0 3)
Thread: (1 1 2)
-------------------------
-------------------------
Id: 509
Block: (0 0 3)
Thread: (2 1 2)
-------------------------
-------------------------
Id: 510
Block: (0 0 3)
Thread: (0 2 2)
-------------------------
-------------------------
Id: 511
Block: (0 0 3)
Thread: (1 2 2)
-------------------------
-------------------------
Id: 512
Block: (0 0 3)
Thread: (2 2 2)
-------------------------
-------------------------
Id: 162
Block: (0 0 1)
Thread: (0 0 0)
-------------------------
-------------------------
Id: 163
Block: (0 0 1)
Thread: (1 0 0)
-------------------------
-------------------------
Id: 164
Block: (0 0 1)
Thread: (2 0 0)
-------------------------
-------------------------
Id: 165
Block: (0 0 1)
Thread: (0 1 0)
-------------------------
-------------------------
Id: 166
Block: (0 0 1)
Thread: (1 1 0)
-------------------------
-------------------------
Id: 167
Block: (0 0 1)
Thread: (2 1 0)
-------------------------
-------------------------
Id: 168
Block: (0 0 1)
Thread: (0 2 0)
-------------------------
-------------------------
Id: 169
Block: (0 0 1)
Thread: (1 2 0)
-------------------------
-------------------------
Id: 170
Block: (0 0 1)
Thread: (2 2 0)
-------------------------
-------------------------
Id: 171
Block: (0 0 1)
Thread: (0 0 1)
-------------------------
-------------------------
Id: 172
Block: (0 0 1)
Thread: (1 0 1)
-------------------------
-------------------------
Id: 173
Block: (0 0 1)
Thread: (2 0 1)
-------------------------
-------------------------
Id: 174
Block: (0 0 1)
Thread: (0 1 1)
-------------------------
-------------------------
Id: 175
Block: (0 0 1)
Thread: (1 1 1)
-------------------------
-------------------------
Id: 176
Block: (0 0 1)
Thread: (2 1 1)
-------------------------
-------------------------
Id: 177
Block: (0 0 1)
Thread: (0 2 1)
-------------------------
-------------------------
Id: 178
Block: (0 0 1)
Thread: (1 2 1)
-------------------------
-------------------------
Id: 179
Block: (0 0 1)
Thread: (2 2 1)
-------------------------
-------------------------
Id: 180
Block: (0 0 1)
Thread: (0 0 2)
-------------------------
-------------------------
Id: 181
Block: (0 0 1)
Thread: (1 0 2)
-------------------------
-------------------------
Id: 182
Block: (0 0 1)
Thread: (2 0 2)
-------------------------
-------------------------
Id: 183
Block: (0 0 1)
Thread: (0 1 2)
-------------------------
-------------------------
Id: 184
Block: (0 0 1)
Thread: (1 1 2)
-------------------------
-------------------------
Id: 185
Block: (0 0 1)
Thread: (2 1 2)
-------------------------
-------------------------
Id: 186
Block: (0 0 1)
Thread: (0 2 2)
-------------------------
-------------------------
Id: 187
Block: (0 0 1)
Thread: (1 2 2)
-------------------------
-------------------------
Id: 188
Block: (0 0 1)
Thread: (2 2 2)
-------------------------
-------------------------
Id: 81
Block: (1 1 0)
Thread: (0 0 0)
-------------------------
-------------------------
Id: 82
Block: (1 1 0)
Thread: (1 0 0)
-------------------------
-------------------------
Id: 83
Block: (1 1 0)
Thread: (2 0 0)
-------------------------
-------------------------
Id: 84
Block: (1 1 0)
Thread: (0 1 0)
-------------------------
-------------------------
Id: 85
Block: (1 1 0)
Thread: (1 1 0)
-------------------------
-------------------------
Id: 86
Block: (1 1 0)
Thread: (2 1 0)
-------------------------
-------------------------
Id: 87
Block: (1 1 0)
Thread: (0 2 0)
-------------------------
-------------------------
Id: 88
Block: (1 1 0)
Thread: (1 2 0)
-------------------------
-------------------------
Id: 89
Block: (1 1 0)
Thread: (2 2 0)
-------------------------
-------------------------
Id: 90
Block: (1 1 0)
Thread: (0 0 1)
-------------------------
-------------------------
Id: 91
Block: (1 1 0)
Thread: (1 0 1)
-------------------------
-------------------------
Id: 92
Block: (1 1 0)
Thread: (2 0 1)
-------------------------
-------------------------
Id: 93
Block: (1 1 0)
Thread: (0 1 1)
-------------------------
-------------------------
Id: 94
Block: (1 1 0)
Thread: (1 1 1)
-------------------------
-------------------------
Id: 95
Block: (1 1 0)
Thread: (2 1 1)
-------------------------
-------------------------
Id: 96
Block: (1 1 0)
Thread: (0 2 1)
-------------------------
-------------------------
Id: 97
Block: (1 1 0)
Thread: (1 2 1)
-------------------------
-------------------------
Id: 98
Block: (1 1 0)
Thread: (2 2 1)
-------------------------
-------------------------
Id: 99
Block: (1 1 0)
Thread: (0 0 2)
-------------------------
-------------------------
Id: 100
Block: (1 1 0)
Thread: (1 0 2)
-------------------------
-------------------------
Id: 101
Block: (1 1 0)
Thread: (2 0 2)
-------------------------
-------------------------
Id: 102
Block: (1 1 0)
Thread: (0 1 2)
-------------------------
-------------------------
Id: 103
Block: (1 1 0)
Thread: (1 1 2)
-------------------------
-------------------------
Id: 104
Block: (1 1 0)
Thread: (2 1 2)
-------------------------
-------------------------
Id: 105
Block: (1 1 0)
Thread: (0 2 2)
-------------------------
-------------------------
Id: 106
Block: (1 1 0)
Thread: (1 2 2)
-------------------------
-------------------------
Id: 107
Block: (1 1 0)
Thread: (2 2 2)
-------------------------
-------------------------
Id: 567
Block: (1 1 3)
Thread: (0 0 0)
-------------------------
-------------------------
Id: 568
Block: (1 1 3)
Thread: (1 0 0)
-------------------------
-------------------------
Id: 569
Block: (1 1 3)
Thread: (2 0 0)
-------------------------
-------------------------
Id: 570
Block: (1 1 3)
Thread: (0 1 0)
-------------------------
-------------------------
Id: 571
Block: (1 1 3)
Thread: (1 1 0)
-------------------------
-------------------------
Id: 572
Block: (1 1 3)
Thread: (2 1 0)
-------------------------
-------------------------
Id: 573
Block: (1 1 3)
Thread: (0 2 0)
-------------------------
-------------------------
Id: 574
Block: (1 1 3)
Thread: (1 2 0)
-------------------------
-------------------------
Id: 575
Block: (1 1 3)
Thread: (2 2 0)
-------------------------
-------------------------
Id: 576
Block: (1 1 3)
Thread: (0 0 1)
-------------------------
-------------------------
Id: 577
Block: (1 1 3)
Thread: (1 0 1)
-------------------------
-------------------------
Id: 578
Block: (1 1 3)
Thread: (2 0 1)
-------------------------
-------------------------
Id: 579
Block: (1 1 3)
Thread: (0 1 1)
-------------------------
-------------------------
Id: 580
Block: (1 1 3)
Thread: (1 1 1)
-------------------------
-------------------------
Id: 581
Block: (1 1 3)
Thread: (2 1 1)
-------------------------
-------------------------
Id: 582
Block: (1 1 3)
Thread: (0 2 1)
-------------------------
-------------------------
Id: 583
Block: (1 1 3)
Thread: (1 2 1)
-------------------------
-------------------------
Id: 584
Block: (1 1 3)
Thread: (2 2 1)
-------------------------
-------------------------
Id: 585
Block: (1 1 3)
Thread: (0 0 2)
-------------------------
-------------------------
Id: 586
Block: (1 1 3)
Thread: (1 0 2)
-------------------------
-------------------------
Id: 587
Block: (1 1 3)
Thread: (2 0 2)
-------------------------
-------------------------
Id: 588
Block: (1 1 3)
Thread: (0 1 2)
-------------------------
-------------------------
Id: 589
Block: (1 1 3)
Thread: (1 1 2)
-------------------------
-------------------------
Id: 590
Block: (1 1 3)
Thread: (2 1 2)
-------------------------
-------------------------
Id: 591
Block: (1 1 3)
Thread: (0 2 2)
-------------------------
-------------------------
Id: 592
Block: (1 1 3)
Thread: (1 2 2)
-------------------------
-------------------------
Id: 593
Block: (1 1 3)
Thread: (2 2 2)
-------------------------
